
*** Running vivado
    with args -log CPU_single.vdi -applog -m64 -messageDb vivado.pb -mode batch -source CPU_single.tcl -notrace


****** Vivado v2014.2 (64-bit)
  **** SW Build 932637 on Wed Jun 11 13:30:22 MDT 2014
  **** IP Build 924643 on Fri May 30 09:20:16 MDT 2014
    ** Copyright 1986-2014 Xilinx, Inc. All Rights Reserved.

source CPU_single.tcl -notrace
Design is defaulting to srcset: sources_1
Design is defaulting to constrset: constrs_1
INFO: [Netlist 29-17] Analyzing 42 Unisim elements for replacement
INFO: [Netlist 29-28] Unisim Transformation completed in 0 CPU seconds
INFO: [Project 1-479] Netlist was created with Vivado 2014.2
Loading clock regions from D:/Vivado/2014.2/data\parts/xilinx/artix7/artix7/xc7a35t/ClockRegion.xml
Loading clock buffers from D:/Vivado/2014.2/data\parts/xilinx/artix7/artix7/xc7a35t/ClockBuffers.xml
Loading clock placement rules from D:/Vivado/2014.2/data/parts/xilinx/artix7/ClockPlacerRules.xml
Loading package pin functions from D:/Vivado/2014.2/data\parts/xilinx/artix7/PinFunctions.xml...
Loading package from D:/Vivado/2014.2/data\parts/xilinx/artix7/artix7/xc7a35t/cpg236/Package.xml
Loading io standards from D:/Vivado/2014.2/data\./parts/xilinx/artix7/IOStandards.xml
Loading device configuration modes from D:/Vivado/2014.2/data\parts/xilinx/artix7/ConfigModes.xml
INFO: [Opt 31-140] Inserted 0 IBUFs to IO ports without IO buffers.
INFO: [Opt 31-141] Inserted 0 OBUFs to IO ports without IO buffers.
INFO: [Opt 31-138] Pushed 0 inverter(s) to 0 load pin(s).
INFO: [Project 1-111] Unisim Transformation Summary:
  A total of 12 instances were transformed.
  RAM32M => RAM32M (inverted pins: WCLK) (RAMD32, RAMD32, RAMD32, RAMD32, RAMD32, RAMD32, RAMS32, RAMS32): 12 instances

link_design: Time (s): cpu = 00:00:06 ; elapsed = 00:00:13 . Memory (MB): peak = 453.863 ; gain = 260.480
Command: opt_design
Attempting to get a license for feature 'Implementation' and/or device 'xc7a35t'
INFO: [Common 17-349] Got license for feature 'Implementation' and/or device 'xc7a35t'
Running DRC as a precondition to command opt_design

Starting DRC Task
INFO: [Drc 23-27] Running DRC with 2 threads
INFO: [Project 1-461] DRC finished with 0 Errors
INFO: [Project 1-462] Please refer to the DRC report (report_drc) for more information.

Time (s): cpu = 00:00:00 ; elapsed = 00:00:00.556 . Memory (MB): peak = 454.504 ; gain = 0.641
INFO: [Timing 38-35] Done setting XDC timing constraints.

Starting Logic Optimization Task

Phase 1 Retarget

INFO: [Opt 31-138] Pushed 1 inverter(s) to 32 load pin(s).
INFO: [Opt 31-49] Retargeted 0 cell(s).
Phase 1 Retarget | Checksum: 172d8efd7

Time (s): cpu = 00:00:00 ; elapsed = 00:00:00.523 . Memory (MB): peak = 851.781 ; gain = 0.000

Phase 2 Constant Propagation
INFO: [Opt 31-138] Pushed 0 inverter(s) to 0 load pin(s).
INFO: [Opt 31-10] Eliminated 31 cells.
Phase 2 Constant Propagation | Checksum: 110b7d3a5

Time (s): cpu = 00:00:00 ; elapsed = 00:00:00.766 . Memory (MB): peak = 851.781 ; gain = 0.000

Phase 3 Sweep
INFO: [Opt 31-12] Eliminated 113 unconnected nets.
INFO: [Opt 31-140] Inserted 0 IBUFs to IO ports without IO buffers.
INFO: [Opt 31-141] Inserted 0 OBUFs to IO ports without IO buffers.
INFO: [Opt 31-11] Eliminated 1 unconnected cells.
Phase 3 Sweep | Checksum: f4b2978d

Time (s): cpu = 00:00:00 ; elapsed = 00:00:01 . Memory (MB): peak = 851.781 ; gain = 0.000
Ending Logic Optimization Task | Checksum: f4b2978d

Time (s): cpu = 00:00:00 ; elapsed = 00:00:01 . Memory (MB): peak = 851.781 ; gain = 0.000
Implement Debug Cores | Checksum: 175dd661b
Logic Optimization | Checksum: 175dd661b

Starting Power Optimization Task
INFO: [Pwropt 34-132] Will skip clock gating for clocks with period < 3.13 ns.
Ending Power Optimization Task | Checksum: f4b2978d

Time (s): cpu = 00:00:00 ; elapsed = 00:00:00.128 . Memory (MB): peak = 851.781 ; gain = 0.000
INFO: [Common 17-83] Releasing license: Implementation
22 Infos, 0 Warnings, 0 Critical Warnings and 0 Errors encountered.
opt_design completed successfully
opt_design: Time (s): cpu = 00:00:16 ; elapsed = 00:00:19 . Memory (MB): peak = 851.781 ; gain = 397.918
Command: place_design
Attempting to get a license for feature 'Implementation' and/or device 'xc7a35t'
INFO: [Common 17-349] Got license for feature 'Implementation' and/or device 'xc7a35t'
Running DRC as a precondition to command place_design
INFO: [Drc 23-27] Running DRC with 2 threads
INFO: [Vivado_Tcl 4-198] DRC finished with 0 Errors
INFO: [Vivado_Tcl 4-199] Please refer to the DRC report (report_drc) for more information.

Starting Placer Task
INFO: [Place 30-611] Multithreading enabled for place_design using a maximum of 2 CPUs

Phase 1 Placer Runtime Estimator
Phase 1 Placer Runtime Estimator | Checksum: 82a3270b

Time (s): cpu = 00:00:01 ; elapsed = 00:00:00.355 . Memory (MB): peak = 851.781 ; gain = 0.000

Phase 2 Placer Initialization

Phase 2.1 Placer Initialization Core
Netlist sorting complete. Time (s): cpu = 00:00:00 ; elapsed = 00:00:00.013 . Memory (MB): peak = 851.781 ; gain = 0.000

Phase 2.1.1 Mandatory Logic Optimization
Netlist sorting complete. Time (s): cpu = 00:00:00 ; elapsed = 00:00:00.009 . Memory (MB): peak = 851.781 ; gain = 0.000
Phase 2.1.1 Mandatory Logic Optimization | Checksum: 00000000

Time (s): cpu = 00:00:01 ; elapsed = 00:00:00.482 . Memory (MB): peak = 851.781 ; gain = 0.000

Phase 2.1.2 Build Super Logic Region (SLR) Database
Phase 2.1.2 Build Super Logic Region (SLR) Database | Checksum: 00000000

Time (s): cpu = 00:00:01 ; elapsed = 00:00:00.591 . Memory (MB): peak = 851.781 ; gain = 0.000

Phase 2.1.3 Add Constraints
Phase 2.1.3 Add Constraints | Checksum: 00000000

Time (s): cpu = 00:00:01 ; elapsed = 00:00:00.594 . Memory (MB): peak = 851.781 ; gain = 0.000

Phase 2.1.4 Build Shapes/ HD Config

Phase 2.1.4.1 Build Macros
Phase 2.1.4.1 Build Macros | Checksum: c8977bc4

Time (s): cpu = 00:00:01 ; elapsed = 00:00:01 . Memory (MB): peak = 851.781 ; gain = 0.000
Phase 2.1.4 Build Shapes/ HD Config | Checksum: c8977bc4

Time (s): cpu = 00:00:01 ; elapsed = 00:00:01 . Memory (MB): peak = 851.781 ; gain = 0.000

Phase 2.1.5 IO Placement/ Clock Placement/ Build Placer Device

Phase 2.1.5.1 Pre-Place Cells
Phase 2.1.5.1 Pre-Place Cells | Checksum: 00000000

Time (s): cpu = 00:00:01 ; elapsed = 00:00:01 . Memory (MB): peak = 851.781 ; gain = 0.000
WARNING: [Place 30-568] A LUT 'pc/PCWre_reg_i_2' is driving clock pin of 14 registers. This could lead to large hold time violations. First few involved registers are:
	cu/ALUOp_reg[0] {LDCE}
	cu/ALUOp_reg[1] {LDCE}
	cu/ALUOp_reg[2] {LDCE}
	cu/ALUSrcA_reg {LDCE}
	cu/ALUSrcB_reg {LDCE}
INFO: [Timing 38-35] Done setting XDC timing constraints.
ERROR: [Place 30-415] IO Placement failed due to overutilization. This design contains 226 I/O ports
 while the target  device: 7a35t package: cpg236, contains only 106 available user I/O. The target device has 106 usable I/O pins of which 0 are already occupied by user-locked I/Os.
 To rectify this issue:
 1. Ensure you are targeting the correct device and package.  Select a larger device or different package if necessary.
 2. Check the top-level ports of the design to ensure the correct number of ports are specified.
 3. Consider design changes to reduce the number of I/Os necessary.

Phase 2.1.5.2 IO & Clk Clean Up
ERROR: [Place 30-68] Instance ALUresult_OBUF[0]_inst (OBUF) is not placed
ERROR: [Place 30-68] Instance ALUresult_OBUF[10]_inst (OBUF) is not placed
ERROR: [Place 30-68] Instance ALUresult_OBUF[11]_inst (OBUF) is not placed
ERROR: [Place 30-68] Instance ALUresult_OBUF[12]_inst (OBUF) is not placed
ERROR: [Place 30-68] Instance ALUresult_OBUF[13]_inst (OBUF) is not placed
ERROR: [Place 30-68] Instance ALUresult_OBUF[14]_inst (OBUF) is not placed
ERROR: [Place 30-68] Instance ALUresult_OBUF[15]_inst (OBUF) is not placed
ERROR: [Place 30-68] Instance ALUresult_OBUF[16]_inst (OBUF) is not placed
ERROR: [Place 30-68] Instance ALUresult_OBUF[17]_inst (OBUF) is not placed
ERROR: [Place 30-68] Instance ALUresult_OBUF[18]_inst (OBUF) is not placed
ERROR: [Place 30-68] Instance ALUresult_OBUF[19]_inst (OBUF) is not placed
ERROR: [Place 30-68] Instance ALUresult_OBUF[1]_inst (OBUF) is not placed
ERROR: [Place 30-68] Instance ALUresult_OBUF[20]_inst (OBUF) is not placed
ERROR: [Place 30-68] Instance ALUresult_OBUF[21]_inst (OBUF) is not placed
ERROR: [Place 30-68] Instance ALUresult_OBUF[22]_inst (OBUF) is not placed
ERROR: [Place 30-68] Instance ALUresult_OBUF[23]_inst (OBUF) is not placed
ERROR: [Place 30-68] Instance ALUresult_OBUF[24]_inst (OBUF) is not placed
ERROR: [Place 30-68] Instance ALUresult_OBUF[25]_inst (OBUF) is not placed
ERROR: [Place 30-68] Instance ALUresult_OBUF[26]_inst (OBUF) is not placed
ERROR: [Place 30-68] Instance ALUresult_OBUF[27]_inst (OBUF) is not placed
ERROR: [Place 30-68] Instance ALUresult_OBUF[28]_inst (OBUF) is not placed
ERROR: [Place 30-68] Instance ALUresult_OBUF[29]_inst (OBUF) is not placed
ERROR: [Place 30-68] Instance ALUresult_OBUF[2]_inst (OBUF) is not placed
ERROR: [Place 30-68] Instance ALUresult_OBUF[30]_inst (OBUF) is not placed
ERROR: [Place 30-68] Instance ALUresult_OBUF[31]_inst (OBUF) is not placed
ERROR: [Place 30-68] Instance ALUresult_OBUF[3]_inst (OBUF) is not placed
ERROR: [Place 30-68] Instance ALUresult_OBUF[4]_inst (OBUF) is not placed
ERROR: [Place 30-68] Instance ALUresult_OBUF[5]_inst (OBUF) is not placed
ERROR: [Place 30-68] Instance ALUresult_OBUF[6]_inst (OBUF) is not placed
ERROR: [Place 30-68] Instance ALUresult_OBUF[7]_inst (OBUF) is not placed
ERROR: [Place 30-68] Instance ALUresult_OBUF[8]_inst (OBUF) is not placed
ERROR: [Place 30-68] Instance ALUresult_OBUF[9]_inst (OBUF) is not placed
ERROR: [Place 30-68] Instance CLK_IBUF_BUFG_inst (BUFG) is not placed
ERROR: [Place 30-68] Instance CLK_IBUF_inst (IBUF) is not placed
ERROR: [Place 30-68] Instance DB_OBUF[0]_inst (OBUF) is not placed
ERROR: [Place 30-68] Instance DB_OBUF[10]_inst (OBUF) is not placed
ERROR: [Place 30-68] Instance DB_OBUF[11]_inst (OBUF) is not placed
ERROR: [Place 30-68] Instance DB_OBUF[12]_inst (OBUF) is not placed
ERROR: [Place 30-68] Instance DB_OBUF[13]_inst (OBUF) is not placed
ERROR: [Place 30-68] Instance DB_OBUF[14]_inst (OBUF) is not placed
ERROR: [Place 30-68] Instance DB_OBUF[15]_inst (OBUF) is not placed
ERROR: [Place 30-68] Instance DB_OBUF[16]_inst (OBUF) is not placed
ERROR: [Place 30-68] Instance DB_OBUF[17]_inst (OBUF) is not placed
ERROR: [Place 30-68] Instance DB_OBUF[18]_inst (OBUF) is not placed
ERROR: [Place 30-68] Instance DB_OBUF[19]_inst (OBUF) is not placed
ERROR: [Place 30-68] Instance DB_OBUF[1]_inst (OBUF) is not placed
ERROR: [Place 30-68] Instance DB_OBUF[20]_inst (OBUF) is not placed
ERROR: [Place 30-68] Instance DB_OBUF[21]_inst (OBUF) is not placed
ERROR: [Place 30-68] Instance DB_OBUF[22]_inst (OBUF) is not placed
ERROR: [Place 30-68] Instance DB_OBUF[23]_inst (OBUF) is not placed
ERROR: [Place 30-68] Instance DB_OBUF[24]_inst (OBUF) is not placed
ERROR: [Place 30-68] Instance DB_OBUF[25]_inst (OBUF) is not placed
ERROR: [Place 30-68] Instance DB_OBUF[26]_inst (OBUF) is not placed
ERROR: [Place 30-68] Instance DB_OBUF[27]_inst (OBUF) is not placed
ERROR: [Place 30-68] Instance DB_OBUF[28]_inst (OBUF) is not placed
ERROR: [Place 30-68] Instance DB_OBUF[29]_inst (OBUF) is not placed
ERROR: [Place 30-68] Instance DB_OBUF[2]_inst (OBUF) is not placed
ERROR: [Place 30-68] Instance DB_OBUF[30]_inst (OBUF) is not placed
ERROR: [Place 30-68] Instance DB_OBUF[31]_inst (OBUF) is not placed
ERROR: [Place 30-68] Instance DB_OBUF[3]_inst (OBUF) is not placed
ERROR: [Place 30-68] Instance DB_OBUF[4]_inst (OBUF) is not placed
ERROR: [Place 30-68] Instance DB_OBUF[5]_inst (OBUF) is not placed
ERROR: [Place 30-68] Instance DB_OBUF[6]_inst (OBUF) is not placed
ERROR: [Place 30-68] Instance DB_OBUF[7]_inst (OBUF) is not placed
ERROR: [Place 30-68] Instance DB_OBUF[8]_inst (OBUF) is not placed
ERROR: [Place 30-68] Instance DB_OBUF[9]_inst (OBUF) is not placed
ERROR: [Place 30-68] Instance DataOut[0]_INST_0 (OBUFT) is not placed
ERROR: [Place 30-68] Instance DataOut[10]_INST_0 (OBUFT) is not placed
ERROR: [Place 30-68] Instance DataOut[11]_INST_0 (OBUFT) is not placed
ERROR: [Place 30-68] Instance DataOut[12]_INST_0 (OBUFT) is not placed
ERROR: [Place 30-68] Instance DataOut[13]_INST_0 (OBUFT) is not placed
ERROR: [Place 30-68] Instance DataOut[14]_INST_0 (OBUFT) is not placed
ERROR: [Place 30-68] Instance DataOut[15]_INST_0 (OBUFT) is not placed
ERROR: [Place 30-68] Instance DataOut[16]_INST_0 (OBUFT) is not placed
ERROR: [Place 30-68] Instance DataOut[17]_INST_0 (OBUFT) is not placed
ERROR: [Place 30-68] Instance DataOut[18]_INST_0 (OBUFT) is not placed
ERROR: [Place 30-68] Instance DataOut[19]_INST_0 (OBUFT) is not placed
ERROR: [Place 30-68] Instance DataOut[1]_INST_0 (OBUFT) is not placed
ERROR: [Place 30-68] Instance DataOut[20]_INST_0 (OBUFT) is not placed
ERROR: [Place 30-68] Instance DataOut[21]_INST_0 (OBUFT) is not placed
ERROR: [Place 30-68] Instance DataOut[22]_INST_0 (OBUFT) is not placed
ERROR: [Place 30-68] Instance DataOut[23]_INST_0 (OBUFT) is not placed
ERROR: [Place 30-68] Instance DataOut[24]_INST_0 (OBUFT) is not placed
ERROR: [Place 30-68] Instance DataOut[25]_INST_0 (OBUFT) is not placed
ERROR: [Place 30-68] Instance DataOut[26]_INST_0 (OBUFT) is not placed
ERROR: [Place 30-68] Instance DataOut[27]_INST_0 (OBUFT) is not placed
ERROR: [Place 30-68] Instance DataOut[28]_INST_0 (OBUFT) is not placed
ERROR: [Place 30-68] Instance DataOut[29]_INST_0 (OBUFT) is not placed
ERROR: [Place 30-68] Instance DataOut[2]_INST_0 (OBUFT) is not placed
ERROR: [Place 30-68] Instance DataOut[30]_INST_0 (OBUFT) is not placed
ERROR: [Place 30-68] Instance DataOut[31]_INST_0 (OBUFT) is not placed
ERROR: [Place 30-68] Instance DataOut[3]_INST_0 (OBUFT) is not placed
ERROR: [Place 30-68] Instance DataOut[4]_INST_0 (OBUFT) is not placed
ERROR: [Place 30-68] Instance DataOut[5]_INST_0 (OBUFT) is not placed
ERROR: [Place 30-68] Instance DataOut[6]_INST_0 (OBUFT) is not placed
ERROR: [Place 30-68] Instance DataOut[7]_INST_0 (OBUFT) is not placed
ERROR: [Place 30-68] Instance DataOut[8]_INST_0 (OBUFT) is not placed
ERROR: [Place 30-68] Instance DataOut[9]_INST_0 (OBUFT) is not placed
ERROR: [Place 30-68] Instance PCAddress_OBUF[0]_inst (OBUF) is not placed
ERROR: [Place 30-68] Instance PCAddress_OBUF[10]_inst (OBUF) is not placed
INFO: [Common 17-14] Message 'Place 30-68' appears 100 times and further instances of the messages will be disabled. Use the Tcl command set_msg_config to change the current settings.
Phase 2.1.5.2 IO & Clk Clean Up | Checksum: 00000000

Time (s): cpu = 00:00:02 ; elapsed = 00:00:02 . Memory (MB): peak = 851.781 ; gain = 0.000
Phase 2.1.5 IO Placement/ Clock Placement/ Build Placer Device | Checksum: c8977bc4

Time (s): cpu = 00:00:02 ; elapsed = 00:00:02 . Memory (MB): peak = 851.781 ; gain = 0.000
Phase 2.1 Placer Initialization Core | Checksum: c8977bc4

Time (s): cpu = 00:00:02 ; elapsed = 00:00:02 . Memory (MB): peak = 851.781 ; gain = 0.000
Phase 2 Placer Initialization | Checksum: c8977bc4

Time (s): cpu = 00:00:02 ; elapsed = 00:00:02 . Memory (MB): peak = 851.781 ; gain = 0.000
ERROR: [Place 30-99] Placer failed with error: 'IO Clock Placer failed'
Please review all ERROR, CRITICAL WARNING, and WARNING messages during placement to understand the cause for failure.
Ending Placer Task | Checksum: c8977bc4

Time (s): cpu = 00:00:00 ; elapsed = 00:00:02 . Memory (MB): peak = 851.781 ; gain = 0.000
INFO: [Common 17-83] Releasing license: Implementation
29 Infos, 1 Warnings, 0 Critical Warnings and 103 Errors encountered.
place_design failed
ERROR: [Common 17-69] Command failed: Placer could not place all instances

    while executing
"place_design "
INFO: [Common 17-206] Exiting Vivado at Thu May 24 11:21:58 2018...
